#
# A fatal error has been detected by the Java Runtime Environment:
#
#  EXCEPTION_IN_PAGE_ERROR (0xc0000006) at pc=0x0000000002793996, pid=6124, tid=0x0000000000000e68
#
# JRE version: OpenJDK Runtime Environment (8.0_212-b04) (build 1.8.0_212-release-1586-b04)
# Java VM: OpenJDK 64-Bit Server VM (25.212-b04 mixed mode windows-amd64 compressed oops)
# Problematic frame:
# j  jdk.internal.org.objectweb.asm.MethodVisitor.visitTypeInsn(ILjava/lang/String;)V+75000088
#
# Failed to write core dump. Minidumps are not enabled by default on client versions of Windows
#
# If you would like to submit a bug report, please visit:
#   
#

---------------  T H R E A D  ---------------

Current thread (0x000000005986d000):  JavaThread "Daemon worker Thread 3" [_thread_in_Java, id=3688, stack(0x000000005a210000,0x000000005a310000)]

siginfo: ExceptionCode=0xc0000006, ExceptionInformation=0x0000000000000000 0x0000000055b82a58 0x00000000c000009c 

Registers:
RAX=0x0000000002788071, RBX=0x0000000055b83980, RCX=0x0000000000000003, RDX=0x0000000055b82a48
RSP=0x000000005a30a1f8, RBP=0x000000005a30a218, RSI=0x0000000055b7de70, RDI=0x0000000000001610
R8 =0x00000000efca6920, R9 =0x0000000000000001, R10=0x0000000071dd0c20, R11=0x000000000364ff20
R12=0x0000000000000000, R13=0x0000000055b83968, R14=0x000000005a30a238, R15=0x000000005986d000
RIP=0x0000000002793996, EFLAGS=0x0000000000010202

Top of Stack: (sp=0x000000005a30a1f8)
0x000000005a30a1f8:   000000006308d240 0000000055b83980
0x000000005a30a208:   0000000000000000 000000005a30a228
0x000000005a30a218:   000000005a30a280 0000000002788071
0x000000005a30a228:   00000000efca5970 00000000000000bb
0x000000005a30a238:   00000000efca6bf0 000000005a30a240
0x000000005a30a248:   0000000059de399b 000000005a30a2a0
0x000000005a30a258:   0000000059de60e8 0000000000000000
0x000000005a30a268:   0000000059de3a50 000000005a30a228
0x000000005a30a278:   000000005a30a298 000000005a30a2e8
0x000000005a30a288:   0000000002788071 0000000000000000
0x000000005a30a298:   00000000a02281b8 00000000efca6bf0
0x000000005a30a2a8:   000000005a30a2a8 0000000059dd3700
0x000000005a30a2b8:   000000005a30a338 0000000059dd5ff8
0x000000005a30a2c8:   0000000000000000 0000000059dd3808
0x000000005a30a2d8:   000000005a30a298 000000005a30a338
0x000000005a30a2e8:   000000005a30a380 0000000002787e00 

Instructions: (pc=0x0000000002793996)
0x0000000002793976:   6d 30 53 48 8b 53 10 48 85 d2 0f 84 07 00 00 00
0x0000000002793986:   48 81 c2 00 01 00 00 52 48 8b 53 08 48 8b 52 08
0x0000000002793996:   48 8b 52 10 52 41 56 41 55 68 00 00 00 00 48 89
0x00000000027939a6:   24 24 41 c6 87 7d 02 00 00 01 48 8b 45 e0 48 85 


Register to memory mapping:

RAX=0x0000000002788071 is at code_begin+2289 in an Interpreter codelet
invoke return entry points  [0x0000000002787780, 0x0000000002788160]  2528 bytes
RBX={method} {0x0000000055b83988} 'visitTypeInsn' '(ILjava/lang/String;)V' in 'jdk/internal/org/objectweb/asm/MethodVisitor'
RCX=0x0000000000000003 is an unknown value
RDX=0x0000000055b82a48 is pointing into metadata
RSP=0x000000005a30a1f8 is pointing into the stack for thread: 0x000000005986d000
RBP=0x000000005a30a218 is pointing into the stack for thread: 0x000000005986d000
RSI={method} {0x0000000055b7de78} 'visitCode' '()V' in 'jdk/internal/org/objectweb/asm/MethodWriter'
RDI=0x0000000000001610 is an unknown value
R8 =0x00000000efca6920 is an oop
jdk.internal.org.objectweb.asm.MethodWriter 
 - klass: 'jdk/internal/org/objectweb/asm/MethodWriter'
R9 =0x0000000000000001 is an unknown value
R10=0x0000000071dd0c20 is an unknown value
R11=0x000000000364ff20 is at entry_point+0 in (nmethod*)0x000000000364fdd0
R12=0x0000000000000000 is an unknown value
R13=0x0000000055b83968 is pointing into metadata
R14=0x000000005a30a238 is pointing into the stack for thread: 0x000000005986d000
R15=0x000000005986d000 is a thread


Stack: [0x000000005a210000,0x000000005a310000],  sp=0x000000005a30a1f8,  free space=1000k
Native frames: (J=compiled Java code, j=interpreted, Vv=VM code, C=native code)
C  0x0000000002793996


---------------  P R O C E S S  ---------------

Java Threads: ( => current thread )
  0x00000000600ae800 JavaThread "Cache worker for Build Output Cleanup Cache (G:\AndroidProjects\Vedaaz\.gradle\buildOutputCleanup)" [_thread_blocked, id=5608, stack(0x00000000603e0000,0x00000000604e0000)]
  0x00000000600ad000 JavaThread "Build operations Thread 4" [_thread_blocked, id=6136, stack(0x0000000061e10000,0x0000000061f10000)]
  0x00000000600ac800 JavaThread "Build operations Thread 3" [_thread_blocked, id=1092, stack(0x0000000063650000,0x0000000063750000)]
  0x00000000600af800 JavaThread "Build operations Thread 2" [_thread_blocked, id=5880, stack(0x0000000061cf0000,0x0000000061df0000)]
  0x000000005986b800 JavaThread "Build operations" [_thread_blocked, id=5104, stack(0x00000000602b0000,0x00000000603b0000)]
  0x000000005986c800 JavaThread "Cache worker for cache directory md-rule (C:\Users\SHILPA\.gradle\caches\5.4.1\md-rule)" [_thread_blocked, id=5964, stack(0x00000000601a0000,0x00000000602a0000)]
  0x0000000059866800 JavaThread "Cache worker for cache directory md-supplier (C:\Users\SHILPA\.gradle\caches\5.4.1\md-supplier)" [_thread_blocked, id=1340, stack(0x000000005d830000,0x000000005d930000)]
  0x0000000059867000 JavaThread "Cache worker for file hash cache (G:\AndroidProjects\Vedaaz\.gradle\5.4.1\fileHashes)" [_thread_blocked, id=4476, stack(0x000000005ae80000,0x000000005af80000)]
  0x0000000059868800 JavaThread "Thread-113" [_thread_blocked, id=5700, stack(0x000000005b160000,0x000000005b260000)]
  0x000000005986a000 JavaThread "Stdin handler" [_thread_blocked, id=4108, stack(0x000000005d720000,0x000000005d820000)]
  0x0000000059865000 JavaThread "Asynchronous log dispatcher for DefaultDaemonConnection: socket connection from /127.0.0.1:56966 to /127.0.0.1:58701" [_thread_blocked, id=4668, stack(0x000000005ad00000,0x000000005ae00000)]
=>0x000000005986d000 JavaThread "Daemon worker Thread 3" [_thread_in_Java, id=3688, stack(0x000000005a210000,0x000000005a310000)]
  0x000000005985f800 JavaThread "Cancel handler" [_thread_blocked, id=1124, stack(0x000000005a9c0000,0x000000005aac0000)]
  0x0000000059868000 JavaThread "Handler for socket connection from /127.0.0.1:56966 to /127.0.0.1:58701" [_thread_in_native, id=5764, stack(0x000000005a830000,0x000000005a930000)]
  0x0000000059864000 JavaThread "Daemon Thread 3" [_thread_blocked, id=3340, stack(0x000000005a500000,0x000000005a600000)]
  0x000000005e629800 JavaThread "MarlinRenderer Disposer" daemon [_thread_blocked, id=5724, stack(0x0000000065200000,0x0000000065300000)]
  0x000000005e629000 JavaThread "Java2D Disposer" daemon [_thread_blocked, id=6024, stack(0x0000000064e50000,0x0000000064f50000)]
  0x00000000600b1000 JavaThread "Cache worker for file content cache (C:\Users\SHILPA\.gradle\caches\5.4.1\fileContent)" [_thread_blocked, id=5704, stack(0x0000000063b10000,0x0000000063c10000)]
  0x00000000600b0000 JavaThread "Memory manager" [_thread_blocked, id=5324, stack(0x00000000637c0000,0x00000000638c0000)]
  0x0000000059865800 JavaThread "Cache worker for execution history cache (C:\Users\SHILPA\.gradle\caches\5.4.1\executionHistory)" [_thread_blocked, id=4540, stack(0x0000000060570000,0x0000000060670000)]
  0x000000005985f000 JavaThread "Cache worker for journal cache (C:\Users\SHILPA\.gradle\caches\journal-1)" [_thread_blocked, id=5348, stack(0x0000000059fd0000,0x000000005a0d0000)]
  0x000000005985e000 JavaThread "File lock request listener" [_thread_in_native, id=4260, stack(0x000000005b260000,0x000000005b360000)]
  0x0000000059634000 JavaThread "Cache worker for file hash cache (C:\Users\SHILPA\.gradle\caches\5.4.1\fileHashes)" [_thread_blocked, id=5820, stack(0x000000005afd0000,0x000000005b0d0000)]
  0x000000005938a000 JavaThread "Daemon periodic checks" [_thread_blocked, id=5420, stack(0x000000005a360000,0x000000005a460000)]
  0x0000000059387000 JavaThread "Incoming local TCP Connector on port 56966" [_thread_in_native, id=2416, stack(0x000000005a0e0000,0x000000005a1e0000)]
  0x0000000059760000 JavaThread "Daemon health stats" [_thread_blocked, id=4548, stack(0x0000000059b50000,0x0000000059c50000)]
  0x000000005796b800 JavaThread "Service Thread" daemon [_thread_blocked, id=2912, stack(0x0000000058110000,0x0000000058210000)]
  0x0000000056206000 JavaThread "C1 CompilerThread2" daemon [_thread_blocked, id=1004, stack(0x0000000057fd0000,0x00000000580d0000)]
  0x000000005793f800 JavaThread "C2 CompilerThread1" daemon [_thread_blocked, id=2076, stack(0x0000000057de0000,0x0000000057ee0000)]
  0x00000000561fd800 JavaThread "C2 CompilerThread0" daemon [_thread_blocked, id=2068, stack(0x0000000057590000,0x0000000057690000)]
  0x000000005620c000 JavaThread "Attach Listener" daemon [_thread_blocked, id=1060, stack(0x0000000057320000,0x0000000057420000)]
  0x000000005620a800 JavaThread "Signal Dispatcher" daemon [_thread_blocked, id=1048, stack(0x00000000577f0000,0x00000000578f0000)]
  0x00000000561e8800 JavaThread "Finalizer" daemon [_thread_blocked, id=1556, stack(0x00000000576e0000,0x00000000577e0000)]
  0x00000000561e1000 JavaThread "Reference Handler" daemon [_thread_blocked, id=844, stack(0x0000000057470000,0x0000000057570000)]
  0x00000000021de000 JavaThread "main" [_thread_blocked, id=2884, stack(0x00000000023b0000,0x00000000024b0000)]

Other Threads:
  0x0000000056199800 VMThread [stack: 0x0000000057200000,0x0000000057300000] [id=2036]
  0x000000005796c800 WatcherThread [stack: 0x0000000058220000,0x0000000058320000] [id=2008]

VM state:not at safepoint (normal execution)

VM Mutex/Monitor currently owned by a thread: None

heap address: 0x00000000a0000000, size: 1536 MB, Compressed Oops mode: 32-bit
Narrow klass base: 0x0000000000000000, Narrow klass shift: 0
Compressed class space size: 1073741824 Address: 0x0000000015810000

Heap:
 PSYoungGen      total 300032K, used 269950K [0x00000000e0000000, 0x00000000f3e00000, 0x0000000100000000)
  eden space 280576K, 92% used [0x00000000e0000000,0x00000000efd6be60,0x00000000f1200000)
  from space 19456K, 53% used [0x00000000f2b00000,0x00000000f3533c78,0x00000000f3e00000)
  to   space 22528K, 0% used [0x00000000f1200000,0x00000000f1200000,0x00000000f2800000)
 ParOldGen       total 83968K, used 48567K [0x00000000a0000000, 0x00000000a5200000, 0x00000000e0000000)
  object space 83968K, 57% used [0x00000000a0000000,0x00000000a2f6dd28,0x00000000a5200000)
 Metaspace       used 80548K, capacity 83550K, committed 83800K, reserved 1122304K
  class space    used 10310K, capacity 11016K, committed 11136K, reserved 1048576K

Card table byte_map: [0x0000000011b40000,0x0000000011e50000] byte_map_base: 0x0000000011640000

Marking Bits: (ParMarkBitMap*) 0x0000000071de9f30
 Begin Bits: [0x0000000012510000, 0x0000000013d10000)
 End Bits:   [0x0000000013d10000, 0x0000000015510000)

Polling page: 0x0000000000340000

CodeCache: size=245760Kb used=35956Kb max_used=36454Kb free=209803Kb
 bounds [0x0000000002780000, 0x0000000004b50000, 0x0000000011780000]
 total_blobs=11959 nmethods=10996 adapters=876
 compilation: enabled

Compilation events (10 events):
Event: 3981.604 Thread 0x0000000056206000 13148       3       java.lang.invoke.LambdaFormEditor::getInCache (189 bytes)
Event: 3981.607 Thread 0x0000000056206000 nmethod 13148 0x00000000030cfc10 code [0x00000000030cfe40, 0x00000000030d0e88]
Event: 3981.608 Thread 0x0000000056206000 13149       3       org.gradle.api.internal.DefaultActionConfiguration::params (10 bytes)
Event: 3981.608 Thread 0x0000000056206000 nmethod 13149 0x00000000032ffc50 code [0x00000000032ffdc0, 0x00000000032fff48]
Event: 3985.326 Thread 0x0000000056206000 13150       3       java.util.Formatter$FormatSpecifier::getZero (36 bytes)
Event: 3985.326 Thread 0x0000000056206000 nmethod 13150 0x0000000002f06c50 code [0x0000000002f06e00, 0x0000000002f07328]
Event: 3985.420 Thread 0x0000000056206000 13152       3       java.lang.invoke.InnerClassLambdaMetafactory::<init> (262 bytes)
Event: 3988.404 Thread 0x0000000056206000 nmethod 13152 0x0000000003fd7150 code [0x0000000003fd7580, 0x0000000003fda2c8]
Event: 3988.404 Thread 0x0000000056206000 13151       3       java.lang.invoke.LambdaForm$BMH/1884533196::reinvoke (89 bytes)
Event: 3988.407 Thread 0x0000000056206000 nmethod 13151 0x0000000003186b10 code [0x0000000003186da0, 0x0000000003188188]

GC Heap History (10 events):
Event: 49.925 GC heap before
{Heap before GC invocations=15 (full 2):
 PSYoungGen      total 171520K, used 24309K [0x00000000e0000000, 0x00000000ec280000, 0x0000000100000000)
  eden space 155136K, 5% used [0x00000000e0000000,0x00000000e07c1ee0,0x00000000e9780000)
  from space 16384K, 99% used [0x00000000eac00000,0x00000000ebbfb710,0x00000000ebc00000)
  to   space 20992K, 0% used [0x00000000e9780000,0x00000000e9780000,0x00000000eac00000)
 ParOldGen       total 58368K, used 27196K [0x00000000a0000000, 0x00000000a3900000, 0x00000000e0000000)
  object space 58368K, 46% used [0x00000000a0000000,0x00000000a1a8f2f0,0x00000000a3900000)
 Metaspace       used 57612K, capacity 58978K, committed 59028K, reserved 1099776K
  class space    used 7798K, capacity 8168K, committed 8192K, reserved 1048576K
Event: 49.956 GC heap after
Heap after GC invocations=15 (full 2):
 PSYoungGen      total 176128K, used 5129K [0x00000000e0000000, 0x00000000f0500000, 0x0000000100000000)
  eden space 155136K, 0% used [0x00000000e0000000,0x00000000e0000000,0x00000000e9780000)
  from space 20992K, 24% used [0x00000000e9780000,0x00000000e9c824a0,0x00000000eac00000)
  to   space 20480K, 0% used [0x00000000ef100000,0x00000000ef100000,0x00000000f0500000)
 ParOldGen       total 58368K, used 36572K [0x00000000a0000000, 0x00000000a3900000, 0x00000000e0000000)
  object space 58368K, 62% used [0x00000000a0000000,0x00000000a23b7138,0x00000000a3900000)
 Metaspace       used 57612K, capacity 58978K, committed 59028K, reserved 1099776K
  class space    used 7798K, capacity 8168K, committed 8192K, reserved 1048576K
}
Event: 49.956 GC heap before
{Heap before GC invocations=16 (full 3):
 PSYoungGen      total 176128K, used 5129K [0x00000000e0000000, 0x00000000f0500000, 0x0000000100000000)
  eden space 155136K, 0% used [0x00000000e0000000,0x00000000e0000000,0x00000000e9780000)
  from space 20992K, 24% used [0x00000000e9780000,0x00000000e9c824a0,0x00000000eac00000)
  to   space 20480K, 0% used [0x00000000ef100000,0x00000000ef100000,0x00000000f0500000)
 ParOldGen       total 58368K, used 36572K [0x00000000a0000000, 0x00000000a3900000, 0x00000000e0000000)
  object space 58368K, 62% used [0x00000000a0000000,0x00000000a23b7138,0x00000000a3900000)
 Metaspace       used 57612K, capacity 58978K, committed 59028K, reserved 1099776K
  class space    used 7798K, capacity 8168K, committed 8192K, reserved 1048576K
Event: 50.226 GC heap after
Heap after GC invocations=16 (full 3):
 PSYoungGen      total 176128K, used 0K [0x00000000e0000000, 0x00000000f0500000, 0x0000000100000000)
  eden space 155136K, 0% used [0x00000000e0000000,0x00000000e0000000,0x00000000e9780000)
  from space 20992K, 0% used [0x00000000e9780000,0x00000000e9780000,0x00000000eac00000)
  to   space 20480K, 0% used [0x00000000ef100000,0x00000000ef100000,0x00000000f0500000)
 ParOldGen       total 83968K, used 31110K [0x00000000a0000000, 0x00000000a5200000, 0x00000000e0000000)
  object space 83968K, 37% used [0x00000000a0000000,0x00000000a1e618e0,0x00000000a5200000)
 Metaspace       used 57612K, capacity 58978K, committed 59028K, reserved 1099776K
  class space    used 7798K, capacity 8168K, committed 8192K, reserved 1048576K
}
Event: 439.487 GC heap before
{Heap before GC invocations=17 (full 3):
 PSYoungGen      total 176128K, used 155136K [0x00000000e0000000, 0x00000000f0500000, 0x0000000100000000)
  eden space 155136K, 100% used [0x00000000e0000000,0x00000000e9780000,0x00000000e9780000)
  from space 20992K, 0% used [0x00000000e9780000,0x00000000e9780000,0x00000000eac00000)
  to   space 20480K, 0% used [0x00000000ef100000,0x00000000ef100000,0x00000000f0500000)
 ParOldGen       total 83968K, used 31110K [0x00000000a0000000, 0x00000000a5200000, 0x00000000e0000000)
  object space 83968K, 37% used [0x00000000a0000000,0x00000000a1e618e0,0x00000000a5200000)
 Metaspace       used 64087K, capacity 65904K, committed 66008K, reserved 1105920K
  class space    used 8418K, capacity 8881K, committed 8960K, reserved 1048576K
Event: 439.538 GC heap after
Heap after GC invocations=17 (full 3):
 PSYoungGen      total 224256K, used 11468K [0x00000000e0000000, 0x00000000efc80000, 0x0000000100000000)
  eden space 212480K, 0% used [0x00000000e0000000,0x00000000e0000000,0x00000000ecf80000)
  from space 11776K, 97% used [0x00000000ef100000,0x00000000efc330c0,0x00000000efc80000)
  to   space 20480K, 0% used [0x00000000ed480000,0x00000000ed480000,0x00000000ee880000)
 ParOldGen       total 83968K, used 31118K [0x00000000a0000000, 0x00000000a5200000, 0x00000000e0000000)
  object space 83968K, 37% used [0x00000000a0000000,0x00000000a1e638e0,0x00000000a5200000)
 Metaspace       used 64087K, capacity 65904K, committed 66008K, reserved 1105920K
  class space    used 8418K, capacity 8881K, committed 8960K, reserved 1048576K
}
Event: 487.118 GC heap before
{Heap before GC invocations=18 (full 3):
 PSYoungGen      total 224256K, used 223948K [0x00000000e0000000, 0x00000000efc80000, 0x0000000100000000)
  eden space 212480K, 100% used [0x00000000e0000000,0x00000000ecf80000,0x00000000ecf80000)
  from space 11776K, 97% used [0x00000000ef100000,0x00000000efc330c0,0x00000000efc80000)
  to   space 20480K, 0% used [0x00000000ed480000,0x00000000ed480000,0x00000000ee880000)
 ParOldGen       total 83968K, used 31118K [0x00000000a0000000, 0x00000000a5200000, 0x00000000e0000000)
  object space 83968K, 37% used [0x00000000a0000000,0x00000000a1e638e0,0x00000000a5200000)
 Metaspace       used 66896K, capacity 68776K, committed 69080K, reserved 1110016K
  class space    used 8684K, capacity 9111K, committed 9216K, reserved 1048576K
Event: 487.165 GC heap after
Heap after GC invocations=18 (full 3):
 PSYoungGen      total 238080K, used 20389K [0x00000000e0000000, 0x00000000f4200000, 0x0000000100000000)
  eden space 217600K, 0% used [0x00000000e0000000,0x00000000e0000000,0x00000000ed480000)
  from space 20480K, 99% used [0x00000000ed480000,0x00000000ee8697b8,0x00000000ee880000)
  to   space 23552K, 0% used [0x00000000f2b00000,0x00000000f2b00000,0x00000000f4200000)
 ParOldGen       total 83968K, used 38340K [0x00000000a0000000, 0x00000000a5200000, 0x00000000e0000000)
  object space 83968K, 45% used [0x00000000a0000000,0x00000000a2571030,0x00000000a5200000)
 Metaspace       used 66896K, capacity 68776K, committed 69080K, reserved 1110016K
  class space    used 8684K, capacity 9111K, committed 9216K, reserved 1048576K
}
Event: 613.445 GC heap before
{Heap before GC invocations=19 (full 3):
 PSYoungGen      total 238080K, used 237989K [0x00000000e0000000, 0x00000000f4200000, 0x0000000100000000)
  eden space 217600K, 100% used [0x00000000e0000000,0x00000000ed480000,0x00000000ed480000)
  from space 20480K, 99% used [0x00000000ed480000,0x00000000ee8697b8,0x00000000ee880000)
  to   space 23552K, 0% used [0x00000000f2b00000,0x00000000f2b00000,0x00000000f4200000)
 ParOldGen       total 83968K, used 38340K [0x00000000a0000000, 0x00000000a5200000, 0x00000000e0000000)
  object space 83968K, 45% used [0x00000000a0000000,0x00000000a2571030,0x00000000a5200000)
 Metaspace       used 74702K, capacity 77230K, committed 77528K, reserved 1116160K
  class space    used 9496K, capacity 10115K, committed 10240K, reserved 1048576K
Event: 613.484 GC heap after
Heap after GC invocations=19 (full 3):
 PSYoungGen      total 300032K, used 10447K [0x00000000e0000000, 0x00000000f3e00000, 0x0000000100000000)
  eden space 280576K, 0% used [0x00000000e0000000,0x00000000e0000000,0x00000000f1200000)
  from space 19456K, 53% used [0x00000000f2b00000,0x00000000f3533c78,0x00000000f3e00000)
  to   space 22528K, 0% used [0x00000000f1200000,0x00000000f1200000,0x00000000f2800000)
 ParOldGen       total 83968K, used 48567K [0x00000000a0000000, 0x00000000a5200000, 0x00000000e0000000)
  object space 83968K, 57% used [0x00000000a0000000,0x00000000a2f6dd28,0x00000000a5200000)
 Metaspace       used 74702K, capacity 77230K, committed 77528K, reserved 1116160K
  class space    used 9496K, capacity 10115K, committed 10240K, reserved 1048576K
}

Deoptimization events (10 events):
Event: 619.740 Thread 0x0000000059868000 Uncommon trap: reason=null_check action=make_not_entrant pc=0x00000000049832a4 method=org.gradle.api.internal.attributes.DefaultImmutableAttributes.getIsolatableAttribute(Lorg/gradle/api/attributes/Attribute;)Lorg/gradle/internal/isolation/Isolatable; @ 8
Event: 620.246 Thread 0x0000000059868000 Uncommon trap: reason=unstable_if action=reinterpret pc=0x00000000041aa3d0 method=com.sun.org.apache.xerces.internal.impl.XMLDocumentScannerImpl.setFeature(Ljava/lang/String;Z)V @ 56
Event: 620.246 Thread 0x0000000059868000 Uncommon trap: reason=class_check action=maybe_recompile pc=0x00000000042b1538 method=com.sun.org.apache.xerces.internal.impl.XMLDocumentFragmentScannerImpl.setProperty(Ljava/lang/String;Ljava/lang/Object;)V @ 73
Event: 620.690 Thread 0x00000000600ad000 Uncommon trap: reason=unstable_if action=reinterpret pc=0x0000000003e67b48 method=java.util.concurrent.ConcurrentLinkedQueue.poll()Ljava/lang/Object; @ 25
Event: 620.691 Thread 0x00000000600ad000 Uncommon trap: reason=unstable_if action=reinterpret pc=0x0000000002d69fd0 method=java.util.concurrent.ConcurrentLinkedQueue.updateHead(Ljava/util/concurrent/ConcurrentLinkedQueue$Node;Ljava/util/concurrent/ConcurrentLinkedQueue$Node;)V @ 11
Event: 620.970 Thread 0x0000000059868000 Uncommon trap: reason=unstable_if action=reinterpret pc=0x0000000003bccbbc method=com.esotericsoftware.kryo.io.Input.readAscii()Ljava/lang/String; @ 23
Event: 621.309 Thread 0x0000000059868000 Uncommon trap: reason=unstable_if action=reinterpret pc=0x0000000003bc3abc method=com.esotericsoftware.kryo.io.Input.readAscii()Ljava/lang/String; @ 23
Event: 621.372 Thread 0x0000000059868000 Uncommon trap: reason=class_check action=maybe_recompile pc=0x0000000004a3a6c4 method=org.gradle.api.internal.artifacts.transform.AttributeMatchingVariantSelector.doSelect(Lorg/gradle/api/internal/artifacts/ivyservice/resolveengine/artifact/ResolvedVarian
Event: 621.832 Thread 0x0000000059868000 Uncommon trap: reason=unstable_if action=reinterpret pc=0x0000000002fddfec method=java.lang.reflect.Proxy.isProxyClass(Ljava/lang/Class;)Z @ 6
Event: 621.844 Thread 0x0000000059868000 Uncommon trap: reason=bimorphic action=maybe_recompile pc=0x0000000003d4b728 method=com.google.common.cache.LocalCache$Segment.getEntry(Ljava/lang/Object;I)Lcom/google/common/cache/ReferenceEntry; @ 62

Classes redefined (0 events):
No events

Internal exceptions (10 events):
Event: 617.622 Thread 0x0000000059868000 Exception <a 'java/lang/ClassNotFoundException': com/android/build/gradle/tasks/factory/AndroidUnitTestBeanInfo> (0x00000000e7372d60) thrown at [D:\src\AOSP-openjdk-cygwin\jdk8u\hotspot\src\share\vm\classfile\systemDictionary.cpp, line 210]
Event: 617.623 Thread 0x0000000059868000 Exception <a 'java/lang/ClassNotFoundException': org/gradle/api/tasks/testing/TestBeanInfo> (0x00000000e73921f8) thrown at [D:\src\AOSP-openjdk-cygwin\jdk8u\hotspot\src\share\vm\classfile\systemDictionary.cpp, line 210]
Event: 617.624 Thread 0x0000000059868000 Exception <a 'java/lang/ClassNotFoundException': org/gradle/api/tasks/testing/AbstractTestTaskBeanInfo> (0x00000000e73b78e0) thrown at [D:\src\AOSP-openjdk-cygwin\jdk8u\hotspot\src\share\vm\classfile\systemDictionary.cpp, line 210]
Event: 617.625 Thread 0x0000000059868000 Exception <a 'java/lang/ClassNotFoundException': org/gradle/api/tasks/testing/AbstractTestTaskCustomizer> (0x00000000e73dd970) thrown at [D:\src\AOSP-openjdk-cygwin\jdk8u\hotspot\src\share\vm\classfile\systemDictionary.cpp, line 210]
Event: 617.626 Thread 0x0000000059868000 Exception <a 'java/lang/ClassNotFoundException': org/gradle/api/tasks/testing/TestCustomizer> (0x00000000e742aa78) thrown at [D:\src\AOSP-openjdk-cygwin\jdk8u\hotspot\src\share\vm\classfile\systemDictionary.cpp, line 210]
Event: 617.631 Thread 0x0000000059868000 Exception <a 'java/lang/ClassNotFoundException': com/android/build/gradle/tasks/factory/AndroidUnitTestCustomizer> (0x00000000e752dcb0) thrown at [D:\src\AOSP-openjdk-cygwin\jdk8u\hotspot\src\share\vm\classfile\systemDictionary.cpp, line 210]
Event: 617.633 Thread 0x0000000059868000 Exception <a 'java/lang/ClassNotFoundException': com/android/build/gradle/tasks/factory/AndroidUnitTest_DecoratedCustomizer> (0x00000000e7570ce0) thrown at [D:\src\AOSP-openjdk-cygwin\jdk8u\hotspot\src\share\vm\classfile\systemDictionary.cpp, line 210]
Event: 621.279 Thread 0x0000000059868000 Exception <a 'java/lang/NoSuchMethodError': java.lang.Object.lambda$negate$1(Ljava/lang/Object;)Z> (0x00000000ebb16a48) thrown at [D:\src\AOSP-openjdk-cygwin\jdk8u\hotspot\src\share\vm\interpreter\linkResolver.cpp, line 620]
Event: 622.048 Thread 0x000000005e624800 Exception <a 'java/lang/NoSuchMethodError': <clinit>> (0x00000000ecd8ef80) thrown at [D:\src\AOSP-openjdk-cygwin\jdk8u\hotspot\src\share\vm\prims\jni.cpp, line 1614]
Event: 3981.225 Thread 0x000000005986d000 Exception <a 'sun/nio/fs/WindowsException'> (0x00000000efb371d0) thrown at [D:\src\AOSP-openjdk-cygwin\jdk8u\hotspot\src\share\vm\prims\jni.cpp, line 710]

Events (10 events):
Event: 3985.037 loading class com/android/utils/concurrency/ReadWriteProcessLock$2
Event: 3985.037 loading class com/android/utils/concurrency/ReadWriteProcessLock$2 done
Event: 3985.045 loading class com/android/utils/concurrency/ReadWriteProcessLock$3
Event: 3985.045 loading class com/android/utils/concurrency/ReadWriteProcessLock$3 done
Event: 3985.047 loading class com/android/utils/concurrency/ReadWriteProcessLock$ReadLock
Event: 3985.047 loading class com/android/utils/concurrency/ReadWriteProcessLock$ReadLock done
Event: 3985.048 loading class com/android/utils/concurrency/ReadWriteProcessLock$WriteLock
Event: 3985.048 loading class com/android/utils/concurrency/ReadWriteProcessLock$WriteLock done
Event: 3985.049 loading class sun/nio/fs/WindowsLinkSupport
Event: 3985.179 loading class sun/nio/fs/WindowsLinkSupport done


Dynamic libraries:
0x000000013f4e0000 - 0x000000013f511000 	C:\Program Files\Android\Android Studio\jre\bin\java.exe
0x0000000077530000 - 0x00000000776dc000 	C:\Windows\SYSTEM32\ntdll.dll
0x0000000077310000 - 0x000000007742f000 	C:\Windows\system32\kernel32.dll
0x000007fefd5c0000 - 0x000007fefd62c000 	C:\Windows\system32\KERNELBASE.dll
0x000007feff6c0000 - 0x000007feff79b000 	C:\Windows\system32\ADVAPI32.dll
0x000007feff7a0000 - 0x000007feff83f000 	C:\Windows\system32\msvcrt.dll
0x000007fefdaa0000 - 0x000007fefdabf000 	C:\Windows\SYSTEM32\sechost.dll
0x000007feff440000 - 0x000007feff56e000 	C:\Windows\system32\RPCRT4.dll
0x0000000077430000 - 0x000000007752a000 	C:\Windows\system32\USER32.dll
0x000007feff300000 - 0x000007feff367000 	C:\Windows\system32\GDI32.dll
0x000007fefda40000 - 0x000007fefda4e000 	C:\Windows\system32\LPK.dll
0x000007feff370000 - 0x000007feff43a000 	C:\Windows\system32\USP10.dll
0x000007fefbf30000 - 0x000007fefc124000 	C:\Windows\WinSxS\amd64_microsoft.windows.common-controls_6595b64144ccf1df_6.0.7600.16661_none_fa62ad231704eab7\COMCTL32.dll
0x000007fefd900000 - 0x000007fefd971000 	C:\Windows\system32\SHLWAPI.dll
0x000007fefd980000 - 0x000007fefd9ae000 	C:\Windows\system32\IMM32.DLL
0x000007fefdd20000 - 0x000007fefde29000 	C:\Windows\system32\MSCTF.dll
0x0000000072cf0000 - 0x0000000072dc2000 	C:\Program Files\Android\Android Studio\jre\jre\bin\msvcr100.dll
0x0000000071620000 - 0x0000000071e66000 	C:\Program Files\Android\Android Studio\jre\jre\bin\server\jvm.dll
0x000007feedda0000 - 0x000007feedda9000 	C:\Windows\system32\WSOCK32.dll
0x000007fefde30000 - 0x000007fefde7d000 	C:\Windows\system32\WS2_32.dll
0x000007fefd9b0000 - 0x000007fefd9b8000 	C:\Windows\system32\NSI.dll
0x000007fefb800000 - 0x000007fefb83b000 	C:\Windows\system32\WINMM.dll
0x000007fefc600000 - 0x000007fefc60c000 	C:\Windows\system32\VERSION.dll
0x00000000776f0000 - 0x00000000776f7000 	C:\Windows\system32\PSAPI.DLL
0x000007fefada0000 - 0x000007fefadaf000 	C:\Program Files\Android\Android Studio\jre\jre\bin\verify.dll
0x000007fefacf0000 - 0x000007fefad19000 	C:\Program Files\Android\Android Studio\jre\jre\bin\java.dll
0x000007fefabb0000 - 0x000007fefabc6000 	C:\Program Files\Android\Android Studio\jre\jre\bin\zip.dll
0x000007fefe2c0000 - 0x000007feff047000 	C:\Windows\system32\SHELL32.dll
0x000007feff0f0000 - 0x000007feff2f2000 	C:\Windows\system32\ole32.dll
0x000007fefd490000 - 0x000007fefd49f000 	C:\Windows\system32\profapi.dll
0x000007feef010000 - 0x000007feef02a000 	C:\Program Files\Android\Android Studio\jre\jre\bin\net.dll
0x000007fefdba0000 - 0x000007fefdd18000 	C:\Windows\system32\urlmon.dll
0x000007fefdac0000 - 0x000007fefdb97000 	C:\Windows\system32\OLEAUT32.dll
0x000007fefd630000 - 0x000007fefd796000 	C:\Windows\system32\CRYPT32.dll
0x000007fefd530000 - 0x000007fefd53f000 	C:\Windows\system32\MSASN1.dll
0x000007fefde80000 - 0x000007fefe0d8000 	C:\Windows\system32\iertutil.dll
0x000007fefccc0000 - 0x000007fefcd14000 	C:\Windows\system32\mswsock.dll
0x000007fefccb0000 - 0x000007fefccb7000 	C:\Windows\System32\wship6.dll
0x000007feeefc0000 - 0x000007feeefd3000 	C:\Program Files\Android\Android Studio\jre\jre\bin\nio.dll
0x000007fef6d90000 - 0x000007fef6db6000 	C:\Users\SHILPA\.gradle\native\29\windows-amd64\native-platform.dll
0x000007feef000000 - 0x000007feef00d000 	C:\Program Files\Android\Android Studio\jre\jre\bin\management.dll
0x000007fefcd20000 - 0x000007fefcd37000 	C:\Windows\system32\CRYPTSP.dll
0x000007fefca20000 - 0x000007fefca67000 	C:\Windows\system32\rsaenh.dll
0x000007fefc7e0000 - 0x000007fefc7fe000 	C:\Windows\system32\USERENV.dll
0x000007fefd3c0000 - 0x000007fefd3cf000 	C:\Windows\system32\CRYPTBASE.dll
0x000007fefa800000 - 0x000007fefa827000 	C:\Windows\system32\IPHLPAPI.DLL
0x000007fefa7e0000 - 0x000007fefa7eb000 	C:\Windows\system32\WINNSI.DLL
0x000007fefa5f0000 - 0x000007fefa608000 	C:\Windows\system32\dhcpcsvc.DLL
0x000007fefa5d0000 - 0x000007fefa5e1000 	C:\Windows\system32\dhcpcsvc6.DLL
0x000007feec0c0000 - 0x000007feec25c000 	C:\Program Files\Android\Android Studio\jre\jre\bin\awt.dll
0x000007fefb740000 - 0x000007fefb758000 	C:\Windows\system32\dwmapi.dll
0x000007fee1c80000 - 0x000007fee1d62000 	C:\Windows\system32\d2d1.dll
0x000007fefd360000 - 0x000007fefd3b7000 	C:\Windows\system32\apphelp.dll
0x000007feee2c0000 - 0x000007feee3e5000 	C:\Windows\system32\dbghelp.dll

VM Arguments:
jvm_args: -Xmx1536m -Dfile.encoding=windows-1252 -Duser.country=US -Duser.language=en -Duser.variant 
java_command: org.gradle.launcher.daemon.bootstrap.GradleDaemon 5.4.1
java_class_path (initial): C:\Users\SHILPA\.gradle\wrapper\dists\gradle-5.4.1-all\3221gyojl5jsh0helicew7rwx\gradle-5.4.1\lib\gradle-launcher-5.4.1.jar
Launcher Type: SUN_STANDARD

Environment Variables:
PATH=C:\Windows\System32;C:\Program Files\Java\jre1.8.0_121\bin
USERNAME=SHILPA
OS=Windows_NT
PROCESSOR_IDENTIFIER=Intel64 Family 6 Model 42 Stepping 7, GenuineIntel



---------------  S Y S T E M  ---------------

OS: Windows 7 , 64 bit Build 7600 (6.1.7600.16816)

CPU:total 4 (initial active 4) (2 cores per cpu, 2 threads per core) family 6 model 42 stepping 7, cmov, cx8, fxsr, mmx, sse, sse2, sse3, ssse3, sse4.1, sse4.2, popcnt, aes, clmul, ht, tsc, tscinvbit

Memory: 4k page, physical 4140912k(219252k free), swap 8591216k(674316k free)

vm_info: OpenJDK 64-Bit Server VM (25.212-b04) for windows-amd64 JRE (1.8.0_212-release-1586-b04), built by "builder" with MS VC++ 10.0 (VS2010)

time: Wed Jun 24 16:23:43 2020
timezone: India Standard Time
elapsed time: 3993 seconds (0d 1h 6m 33s)

