#
# A fatal error has been detected by the Java Runtime Environment:
#
#  EXCEPTION_IN_PAGE_ERROR (0xc0000006) at pc=0x0000000076d229ad, pid=5660, tid=0x00000000000013c4
#
# JRE version: OpenJDK Runtime Environment (8.0_212-b04) (build 1.8.0_212-release-1586-b04)
# Java VM: OpenJDK 64-Bit Server VM (25.212-b04 mixed mode windows-amd64 compressed oops)
# Problematic frame:
# C  [ntdll.dll+0x529ad]
#
# Failed to write core dump. Minidumps are not enabled by default on client versions of Windows
#
# If you would like to submit a bug report, please visit:
#   
#

---------------  T H R E A D  ---------------

Current thread (0x00000000579d0800):  JavaThread "C2 CompilerThread1" daemon [_thread_in_native, id=5060, stack(0x0000000057e70000,0x0000000057f70000)]

siginfo: ExceptionCode=0xc0000006, ExceptionInformation=0x0000000000000000 0x000000005ee1ce98 0x00000000c000009c 

Registers:
RAX=0x00000000020c0278, RBX=0x00000000020c0000, RCX=0x00000000000000c0, RDX=0x00000000ffffffc0
RSP=0x0000000057f6bad0, RBP=0x0000000000000000, RSI=0x000000005d150930, RDI=0x000000000000000c
R8 =0x000000005ee1cea0, R9 =0x00000000020c0230, R10=0x0000000000000006, R11=0x0000000000000006
R12=0x0000000000000003, R13=0x00000000020c0158, R14=0x0000000076de82a0, R15=0x0000000000000000
RIP=0x0000000076d229ad, EFLAGS=0x0000000000010206

Top of Stack: (sp=0x0000000057f6bad0)
0x0000000057f6bad0:   000000005f1ae700 0000000076de8201
0x0000000057f6bae0:   0000000000000000 000000016cb9d500
0x0000000057f6baf0:   000000005ccd2ed0 000000005ccd2ee0
0x0000000057f6bb00:   0000000065580c01 0000000000000006
0x0000000057f6bb10:   0000000000000000 00000001fd2bd800
0x0000000057f6bb20:   000000005d147610 0000000000000000
0x0000000057f6bb30:   0000000057f6eb98 000000006c76fd2b
0x0000000057f6bb40:   000000005f7e95a0 00020000fd2b0020
0x0000000057f6bb50:   0000000057f6ea00 0000000209382ed0
0x0000000057f6bb60:   037c0000020c0000 000000005ccd2ee0
0x0000000057f6bb70:   000000005ee1cea0 0000000000000001
0x0000000057f6bb80:   0000000000000000 000000005d147610
0x0000000057f6bb90:   0000000000000000 000000005d147620
0x0000000057f6bba0:   00000000000003ff 0000000076de8201
0x0000000057f6bbb0:   0000000000000006 0000000000000006
0x0000000057f6bbc0:   000000005b420070 000000005b420080 

Instructions: (pc=0x0000000076d229ad)
0x0000000076d2298d:   4d 85 c0 0f 84 bf 24 fd ff 4c 89 84 24 a8 02 00
0x0000000076d2299d:   00 4d 3b e8 74 43 83 7b 7c 00 0f 84 f2 a4 00 00
0x0000000076d229ad:   41 8b 40 f8 89 84 24 f0 03 00 00 85 43 7c 74 0d
0x0000000076d229bd:   33 83 88 00 00 00 89 84 24 f0 03 00 00 0f b7 84 


Register to memory mapping:

RAX=0x00000000020c0278 is an unknown value
RBX=0x00000000020c0000 is an unknown value
RCX=0x00000000000000c0 is an unknown value
RDX=0x00000000ffffffc0 is an oop

[error occurred during error reporting (printing register info), id 0xc0000005]

Stack: [0x0000000057e70000,0x0000000057f70000],  sp=0x0000000057f6bad0,  free space=1006k
Native frames: (J=compiled Java code, j=interpreted, Vv=VM code, C=native code)


Current CompileTask:
C2:5144056 26139       4       org.gradle.api.internal.artifacts.ivyservice.modulecache.StringDeduplicatingDecoder::readNullableString (30 bytes)


---------------  P R O C E S S  ---------------

Java Threads: ( => current thread )
  0x000000005901d000 JavaThread "Cache worker for file content cache (G:\AndroidProjects\AndroidData\vedaaaaaz\Vedaaz\.gradle\5.4.1\fileContent)" [_thread_blocked, id=5628, stack(0x0000000060320000,0x0000000060420000)]
  0x0000000059019800 JavaThread "Cache worker for Build Output Cleanup Cache (G:\AndroidProjects\AndroidData\vedaaaaaz\Vedaaz\.gradle\buildOutputCleanup)" [_thread_blocked, id=5776, stack(0x0000000059f20000,0x000000005a020000)]
  0x000000005d2b1000 JavaThread "Build operations Thread 4" [_thread_blocked, id=3984, stack(0x0000000062bb0000,0x0000000062cb0000)]
  0x000000005d2b4000 JavaThread "Build operations Thread 3" [_thread_blocked, id=5536, stack(0x0000000063120000,0x0000000063220000)]
  0x000000005d2ae800 JavaThread "Build operations Thread 2" [_thread_blocked, id=6140, stack(0x000000005fe60000,0x000000005ff60000)]
  0x000000005d2b3000 JavaThread "Build operations" [_thread_blocked, id=5412, stack(0x000000005e140000,0x000000005e240000)]
  0x000000005d2ae000 JavaThread "Cache worker for cache directory md-rule (C:\Users\SHILPA\.gradle\caches\5.4.1\md-rule)" [_thread_blocked, id=3340, stack(0x000000005d5c0000,0x000000005d6c0000)]
  0x000000005d2b0000 JavaThread "Cache worker for cache directory md-supplier (C:\Users\SHILPA\.gradle\caches\5.4.1\md-supplier)" [_thread_blocked, id=3612, stack(0x00000000601f0000,0x00000000602f0000)]
  0x000000005d2b1800 JavaThread "Cache worker for file hash cache (G:\AndroidProjects\AndroidData\vedaaaaaz\Vedaaz\.gradle\5.4.1\fileHashes)" [_thread_blocked, id=800, stack(0x000000005fd50000,0x000000005fe50000)]
  0x0000000058f07800 JavaThread "Thread-203" [_thread_blocked, id=2016, stack(0x000000005fc40000,0x000000005fd40000)]
  0x0000000058f04800 JavaThread "Stdin handler" [_thread_blocked, id=3352, stack(0x000000005e690000,0x000000005e790000)]
  0x0000000058f05800 JavaThread "Asynchronous log dispatcher for DefaultDaemonConnection: socket connection from /127.0.0.1:57112 to /127.0.0.1:59219" [_thread_blocked, id=5840, stack(0x000000005e250000,0x000000005e350000)]
  0x0000000058f07000 JavaThread "Daemon worker Thread 10" [_thread_in_native, id=2900, stack(0x000000005afb0000,0x000000005b0b0000)]
  0x0000000058f04000 JavaThread "Cancel handler" [_thread_blocked, id=4048, stack(0x000000005ad80000,0x000000005ae80000)]
  0x0000000058f03000 JavaThread "Handler for socket connection from /127.0.0.1:57112 to /127.0.0.1:59219" [_thread_in_native, id=2528, stack(0x000000005a4f0000,0x000000005a5f0000)]
  0x0000000058f06000 JavaThread "Daemon Thread 10" [_thread_blocked, id=2060, stack(0x0000000059af0000,0x0000000059bf0000)]
  0x0000000059535800 JavaThread "MarlinRenderer Disposer" daemon [_thread_blocked, id=4944, stack(0x0000000063e00000,0x0000000063f00000)]
  0x0000000058f0a000 JavaThread "Java2D Disposer" daemon [_thread_blocked, id=4964, stack(0x0000000063a60000,0x0000000063b60000)]
  0x0000000059537000 JavaThread "Cache worker for file content cache (C:\Users\SHILPA\.gradle\caches\5.4.1\fileContent)" [_thread_blocked, id=5984, stack(0x0000000062a80000,0x0000000062b80000)]
  0x0000000059536800 JavaThread "Memory manager" [_thread_blocked, id=1848, stack(0x0000000061920000,0x0000000061a20000)]
  0x000000005952f800 JavaThread "Cache worker for execution history cache (C:\Users\SHILPA\.gradle\caches\5.4.1\executionHistory)" [_thread_blocked, id=4880, stack(0x000000005ea70000,0x000000005eb70000)]
  0x0000000059528800 JavaThread "Cache worker for journal cache (C:\Users\SHILPA\.gradle\caches\journal-1)" [_thread_blocked, id=5076, stack(0x000000005a920000,0x000000005aa20000)]
  0x0000000059528000 JavaThread "File lock request listener" [_thread_in_native, id=1820, stack(0x000000005b110000,0x000000005b210000)]
  0x0000000059657000 JavaThread "Cache worker for file hash cache (C:\Users\SHILPA\.gradle\caches\5.4.1\fileHashes)" [_thread_blocked, id=4336, stack(0x000000005aea0000,0x000000005afa0000)]
  0x0000000058bc8800 JavaThread "Daemon periodic checks" [_thread_blocked, id=5780, stack(0x000000005a330000,0x000000005a430000)]
  0x0000000057d84800 JavaThread "Incoming local TCP Connector on port 57112" [_thread_in_native, id=6004, stack(0x000000005a1a0000,0x000000005a2a0000)]
  0x00000000594a0800 JavaThread "Daemon health stats" [_thread_blocked, id=4136, stack(0x0000000059c20000,0x0000000059d20000)]
  0x0000000057a52000 JavaThread "Service Thread" daemon [_thread_blocked, id=3096, stack(0x00000000580d0000,0x00000000581d0000)]
  0x00000000579db800 JavaThread "C1 CompilerThread2" daemon [_thread_in_native, id=5104, stack(0x0000000057fc0000,0x00000000580c0000)]
=>0x00000000579d0800 JavaThread "C2 CompilerThread1" daemon [_thread_in_native, id=5060, stack(0x0000000057e70000,0x0000000057f70000)]
  0x00000000564d7800 JavaThread "C2 CompilerThread0" daemon [_thread_in_native, id=788, stack(0x00000000578d0000,0x00000000579d0000)]
  0x00000000564d4000 JavaThread "Attach Listener" daemon [_thread_blocked, id=5384, stack(0x0000000057540000,0x0000000057640000)]
  0x00000000564d2800 JavaThread "Signal Dispatcher" daemon [_thread_blocked, id=5816, stack(0x00000000577c0000,0x00000000578c0000)]
  0x00000000564b8000 JavaThread "Finalizer" daemon [_thread_blocked, id=4680, stack(0x00000000572e0000,0x00000000573e0000)]
  0x00000000564b1000 JavaThread "Reference Handler" daemon [_thread_blocked, id=1900, stack(0x0000000057680000,0x0000000057780000)]
  0x00000000020ce000 JavaThread "main" [_thread_blocked, id=4568, stack(0x0000000002510000,0x0000000002610000)]

Other Threads:
  0x0000000056469800 VMThread [stack: 0x0000000057440000,0x0000000057540000] [id=4668]
  0x0000000057a56800 WatcherThread [stack: 0x0000000058220000,0x0000000058320000] [id=5724]

VM state:not at safepoint (normal execution)

VM Mutex/Monitor currently owned by a thread: None

heap address: 0x00000000a0000000, size: 1536 MB, Compressed Oops mode: 32-bit
Narrow klass base: 0x0000000000000000, Narrow klass shift: 0
Compressed class space size: 1073741824 Address: 0x0000000015ae0000

Heap:
 PSYoungGen      total 412160K, used 123023K [0x00000000e0000000, 0x0000000100000000, 0x0000000100000000)
  eden space 303104K, 30% used [0x00000000e0000000,0x00000000e5a3e160,0x00000000f2800000)
  from space 109056K, 28% used [0x00000000f9580000,0x00000000fb365ac0,0x0000000100000000)
  to   space 110592K, 0% used [0x00000000f2800000,0x00000000f2800000,0x00000000f9400000)
 ParOldGen       total 278528K, used 176202K [0x00000000a0000000, 0x00000000b1000000, 0x00000000e0000000)
  object space 278528K, 63% used [0x00000000a0000000,0x00000000aac129b0,0x00000000b1000000)
 Metaspace       used 95490K, capacity 99762K, committed 102296K, reserved 1138688K
  class space    used 11797K, capacity 12620K, committed 12968K, reserved 1048576K

Card table byte_map: [0x0000000011ca0000,0x0000000011fb0000] byte_map_base: 0x00000000117a0000

Marking Bits: (ParMarkBitMap*) 0x000000006ce89f30
 Begin Bits: [0x00000000127e0000, 0x0000000013fe0000)
 End Bits:   [0x0000000013fe0000, 0x00000000157e0000)

Polling page: 0x0000000000230000

CodeCache: size=245760Kb used=67954Kb max_used=68562Kb free=177805Kb
 bounds [0x00000000028e0000, 0x0000000006c40000, 0x00000000118e0000]
 total_blobs=19814 nmethods=18818 adapters=907
 compilation: enabled

Compilation events (10 events):
Event: 5137.038 Thread 0x00000000579db800 nmethod 26135 0x0000000004cad350 code [0x0000000004cad4e0, 0x0000000004cad9f8]
Event: 5137.485 Thread 0x00000000579db800 26136       1       org.gradle.internal.component.local.model.DefaultLocalComponentMetadata::access$1600 (5 bytes)
Event: 5137.485 Thread 0x00000000579db800 nmethod 26136 0x0000000004bfcd50 code [0x0000000004bfcea0, 0x0000000004bfcf90]
Event: 5137.987 Thread 0x00000000579db800 26137       3       java.util.BitSet::recalculateWordsInUse (39 bytes)
Event: 5137.988 Thread 0x00000000579db800 nmethod 26137 0x00000000030ab550 code [0x00000000030ab6c0, 0x00000000030ab930]
Event: 5138.004 Thread 0x00000000564d7800 26138       4       org.gradle.internal.component.external.model.DefaultModuleComponentArtifactMetadata::getComponentId (8 bytes)
Event: 5138.006 Thread 0x00000000564d7800 nmethod 26138 0x0000000003572e10 code [0x0000000003572f40, 0x0000000003572fb8]
Event: 5138.206 Thread 0x00000000579d0800 26139       4       org.gradle.api.internal.artifacts.ivyservice.modulecache.StringDeduplicatingDecoder::readNullableString (30 bytes)
Event: 5138.229 Thread 0x00000000564d7800 26140       4       org.gradle.api.internal.artifacts.repositories.resolver.AbstractDependenciesMetadataAdapter::size (10 bytes)
Event: 5138.238 Thread 0x00000000564d7800 nmethod 26140 0x0000000003a62ad0 code [0x0000000003a62c20, 0x0000000003a62c98]

GC Heap History (10 events):
Event: 4277.750 GC heap before
{Heap before GC invocations=57 (full 8):
 PSYoungGen      total 433152K, used 352339K [0x00000000e0000000, 0x00000000ff980000, 0x0000000100000000)
  eden space 349696K, 100% used [0x00000000e0000000,0x00000000f5580000,0x00000000f5580000)
  from space 83456K, 3% used [0x00000000fa800000,0x00000000faa94d18,0x00000000ff980000)
  to   space 83968K, 0% used [0x00000000f5580000,0x00000000f5580000,0x00000000fa780000)
 ParOldGen       total 270336K, used 229553K [0x00000000a0000000, 0x00000000b0800000, 0x00000000e0000000)
  object space 270336K, 84% used [0x00000000a0000000,0x00000000ae02c448,0x00000000b0800000)
 Metaspace       used 96447K, capacity 100818K, committed 101144K, reserved 1138688K
  class space    used 11904K, capacity 12744K, committed 12840K, reserved 1048576K
Event: 4277.792 GC heap after
Heap after GC invocations=57 (full 8):
 PSYoungGen      total 433664K, used 27822K [0x00000000e0000000, 0x00000000ff680000, 0x0000000100000000)
  eden space 349696K, 0% used [0x00000000e0000000,0x00000000e0000000,0x00000000f5580000)
  from space 83968K, 33% used [0x00000000f5580000,0x00000000f70abb40,0x00000000fa780000)
  to   space 78848K, 0% used [0x00000000fa980000,0x00000000fa980000,0x00000000ff680000)
 ParOldGen       total 270336K, used 229785K [0x00000000a0000000, 0x00000000b0800000, 0x00000000e0000000)
  object space 270336K, 84% used [0x00000000a0000000,0x00000000ae066478,0x00000000b0800000)
 Metaspace       used 96447K, capacity 100818K, committed 101144K, reserved 1138688K
  class space    used 11904K, capacity 12744K, committed 12840K, reserved 1048576K
}
Event: 4349.638 GC heap before
{Heap before GC invocations=58 (full 8):
 PSYoungGen      total 433664K, used 377518K [0x00000000e0000000, 0x00000000ff680000, 0x0000000100000000)
  eden space 349696K, 100% used [0x00000000e0000000,0x00000000f5580000,0x00000000f5580000)
  from space 83968K, 33% used [0x00000000f5580000,0x00000000f70abb40,0x00000000fa780000)
  to   space 78848K, 0% used [0x00000000fa980000,0x00000000fa980000,0x00000000ff680000)
 ParOldGen       total 270336K, used 229785K [0x00000000a0000000, 0x00000000b0800000, 0x00000000e0000000)
  object space 270336K, 84% used [0x00000000a0000000,0x00000000ae066478,0x00000000b0800000)
 Metaspace       used 97479K, capacity 101950K, committed 102296K, reserved 1138688K
  class space    used 12002K, capacity 12848K, committed 12968K, reserved 1048576K
Event: 4349.766 GC heap after
Heap after GC invocations=58 (full 8):
 PSYoungGen      total 400384K, used 78846K [0x00000000e0000000, 0x0000000100000000, 0x0000000100000000)
  eden space 321536K, 0% used [0x00000000e0000000,0x00000000e0000000,0x00000000f3a00000)
  from space 78848K, 99% used [0x00000000fa980000,0x00000000ff67f8b8,0x00000000ff680000)
  to   space 101376K, 0% used [0x00000000f3a00000,0x00000000f3a00000,0x00000000f9d00000)
 ParOldGen       total 270336K, used 252098K [0x00000000a0000000, 0x00000000b0800000, 0x00000000e0000000)
  object space 270336K, 93% used [0x00000000a0000000,0x00000000af630af8,0x00000000b0800000)
 Metaspace       used 97479K, capacity 101950K, committed 102296K, reserved 1138688K
  class space    used 12002K, capacity 12848K, committed 12968K, reserved 1048576K
}
Event: 4349.766 GC heap before
{Heap before GC invocations=59 (full 9):
 PSYoungGen      total 400384K, used 78846K [0x00000000e0000000, 0x0000000100000000, 0x0000000100000000)
  eden space 321536K, 0% used [0x00000000e0000000,0x00000000e0000000,0x00000000f3a00000)
  from space 78848K, 99% used [0x00000000fa980000,0x00000000ff67f8b8,0x00000000ff680000)
  to   space 101376K, 0% used [0x00000000f3a00000,0x00000000f3a00000,0x00000000f9d00000)
 ParOldGen       total 270336K, used 252098K [0x00000000a0000000, 0x00000000b0800000, 0x00000000e0000000)
  object space 270336K, 93% used [0x00000000a0000000,0x00000000af630af8,0x00000000b0800000)
 Metaspace       used 97479K, capacity 101950K, committed 102296K, reserved 1138688K
  class space    used 12002K, capacity 12848K, committed 12968K, reserved 1048576K
Event: 4350.579 GC heap after
Heap after GC invocations=59 (full 9):
 PSYoungGen      total 400384K, used 0K [0x00000000e0000000, 0x0000000100000000, 0x0000000100000000)
  eden space 321536K, 0% used [0x00000000e0000000,0x00000000e0000000,0x00000000f3a00000)
  from space 78848K, 0% used [0x00000000fa980000,0x00000000fa980000,0x00000000ff680000)
  to   space 101376K, 0% used [0x00000000f3a00000,0x00000000f3a00000,0x00000000f9d00000)
 ParOldGen       total 278528K, used 169276K [0x00000000a0000000, 0x00000000b1000000, 0x00000000e0000000)
  object space 278528K, 60% used [0x00000000a0000000,0x00000000aa54f190,0x00000000b1000000)
 Metaspace       used 95386K, capacity 99694K, committed 102296K, reserved 1138688K
  class space    used 11796K, capacity 12620K, committed 12968K, reserved 1048576K
}
Event: 4356.080 GC heap before
{Heap before GC invocations=60 (full 9):
 PSYoungGen      total 400384K, used 321425K [0x00000000e0000000, 0x0000000100000000, 0x0000000100000000)
  eden space 321536K, 99% used [0x00000000e0000000,0x00000000f39e4400,0x00000000f3a00000)
  from space 78848K, 0% used [0x00000000fa980000,0x00000000fa980000,0x00000000ff680000)
  to   space 101376K, 0% used [0x00000000f3a00000,0x00000000f3a00000,0x00000000f9d00000)
 ParOldGen       total 278528K, used 169276K [0x00000000a0000000, 0x00000000b1000000, 0x00000000e0000000)
  object space 278528K, 60% used [0x00000000a0000000,0x00000000aa54f190,0x00000000b1000000)
 Metaspace       used 95416K, capacity 99694K, committed 102296K, reserved 1138688K
  class space    used 11796K, capacity 12620K, committed 12968K, reserved 1048576K
Event: 4356.225 GC heap after
Heap after GC invocations=60 (full 9):
 PSYoungGen      total 415232K, used 93621K [0x00000000e0000000, 0x0000000100000000, 0x0000000100000000)
  eden space 321536K, 0% used [0x00000000e0000000,0x00000000e0000000,0x00000000f3a00000)
  from space 93696K, 99% used [0x00000000f3a00000,0x00000000f956d738,0x00000000f9580000)
  to   space 109056K, 0% used [0x00000000f9580000,0x00000000f9580000,0x0000000100000000)
 ParOldGen       total 278528K, used 169276K [0x00000000a0000000, 0x00000000b1000000, 0x00000000e0000000)
  object space 278528K, 60% used [0x00000000a0000000,0x00000000aa54f190,0x00000000b1000000)
 Metaspace       used 95416K, capacity 99694K, committed 102296K, reserved 1138688K
  class space    used 11796K, capacity 12620K, committed 12968K, reserved 1048576K
}
Event: 4359.682 GC heap before
{Heap before GC invocations=61 (full 9):
 PSYoungGen      total 415232K, used 414307K [0x00000000e0000000, 0x0000000100000000, 0x0000000100000000)
  eden space 321536K, 99% used [0x00000000e0000000,0x00000000f392b728,0x00000000f3a00000)
  from space 93696K, 99% used [0x00000000f3a00000,0x00000000f956d738,0x00000000f9580000)
  to   space 109056K, 0% used [0x00000000f9580000,0x00000000f9580000,0x0000000100000000)
 ParOldGen       total 278528K, used 169276K [0x00000000a0000000, 0x00000000b1000000, 0x00000000e0000000)
  object space 278528K, 60% used [0x00000000a0000000,0x00000000aa54f190,0x00000000b1000000)
 Metaspace       used 95428K, capacity 99694K, committed 102296K, reserved 1138688K
  class space    used 11797K, capacity 12620K, committed 12968K, reserved 1048576K
Event: 4359.720 GC heap after
Heap after GC invocations=61 (full 9):
 PSYoungGen      total 412160K, used 30614K [0x00000000e0000000, 0x0000000100000000, 0x0000000100000000)
  eden space 303104K, 0% used [0x00000000e0000000,0x00000000e0000000,0x00000000f2800000)
  from space 109056K, 28% used [0x00000000f9580000,0x00000000fb365ac0,0x0000000100000000)
  to   space 110592K, 0% used [0x00000000f2800000,0x00000000f2800000,0x00000000f9400000)
 ParOldGen       total 278528K, used 176202K [0x00000000a0000000, 0x00000000b1000000, 0x00000000e0000000)
  object space 278528K, 63% used [0x00000000a0000000,0x00000000aac129b0,0x00000000b1000000)
 Metaspace       used 95428K, capacity 99694K, committed 102296K, reserved 1138688K
  class space    used 11797K, capacity 12620K, committed 12968K, reserved 1048576K
}

Deoptimization events (10 events):
Event: 3991.019 Thread 0x0000000058f05800 Uncommon trap: reason=array_check action=maybe_recompile pc=0x00000000062bdb18 method=java.util.ComparableTimSort.mergeHi(IIII)V @ 521
Event: 3991.022 Thread 0x0000000058f05800 Uncommon trap: reason=array_check action=maybe_recompile pc=0x00000000036b7b00 method=java.util.ComparableTimSort.mergeHi(IIII)V @ 654
Event: 3991.024 Thread 0x0000000058f05800 Uncommon trap: reason=array_check action=maybe_recompile pc=0x0000000006259080 method=java.util.ComparableTimSort.mergeLo(IIII)V @ 465
Event: 3991.025 Thread 0x0000000058f05800 Uncommon trap: reason=array_check action=maybe_recompile pc=0x00000000036b7990 method=java.util.ComparableTimSort.mergeHi(IIII)V @ 521
Event: 3991.027 Thread 0x0000000058f05800 Uncommon trap: reason=array_check action=maybe_recompile pc=0x00000000062591c8 method=java.util.ComparableTimSort.mergeLo(IIII)V @ 587
Event: 3993.199 Thread 0x0000000058f05800 Uncommon trap: reason=unstable_if action=reinterpret pc=0x00000000063184b0 method=com.sun.tools.javac.code.Types.rank(Lcom/sun/tools/javac/code/Type;)I @ 88
Event: 4010.617 Thread 0x000000005952e800 Uncommon trap: reason=array_check action=maybe_recompile pc=0x000000000624d61c method=java.util.TimSort.mergeHi(IIII)V @ 657
Event: 4010.617 Thread 0x000000005952e800 Uncommon trap: reason=array_check action=maybe_recompile pc=0x000000000624d61c method=java.util.TimSort.mergeHi(IIII)V @ 657
Event: 4102.114 Thread 0x0000000058f04800 Uncommon trap: reason=unstable_if action=reinterpret pc=0x00000000040595d8 method=com.esotericsoftware.kryo.io.Output.writeVarLong(JZ)I @ 55
Event: 4356.734 Thread 0x000000005901c800 Uncommon trap: reason=unstable_if action=reinterpret pc=0x0000000005d800f4 method=java.util.concurrent.locks.AbstractQueuedSynchronizer.unparkSuccessor(Ljava/util/concurrent/locks/AbstractQueuedSynchronizer$Node;)V @ 22

Classes redefined (0 events):
No events

Internal exceptions (10 events):
Event: 5136.320 Thread 0x0000000058f07000 Exception <a 'sun/nio/fs/WindowsException'> (0x00000000e4d88718) thrown at [D:\src\AOSP-openjdk-cygwin\jdk8u\hotspot\src\share\vm\prims\jni.cpp, line 710]
Event: 5136.320 Thread 0x0000000058f07000 Exception <a 'sun/nio/fs/WindowsException'> (0x00000000e4d89300) thrown at [D:\src\AOSP-openjdk-cygwin\jdk8u\hotspot\src\share\vm\prims\jni.cpp, line 710]
Event: 5136.367 Thread 0x0000000058f07000 Exception <a 'sun/nio/fs/WindowsException'> (0x00000000e4d8d3b0) thrown at [D:\src\AOSP-openjdk-cygwin\jdk8u\hotspot\src\share\vm\prims\jni.cpp, line 710]
Event: 5136.367 Thread 0x0000000058f07000 Exception <a 'sun/nio/fs/WindowsException'> (0x00000000e4d8df98) thrown at [D:\src\AOSP-openjdk-cygwin\jdk8u\hotspot\src\share\vm\prims\jni.cpp, line 710]
Event: 5136.367 Thread 0x0000000058f07000 Exception <a 'sun/nio/fs/WindowsException'> (0x00000000e4d906a8) thrown at [D:\src\AOSP-openjdk-cygwin\jdk8u\hotspot\src\share\vm\prims\jni.cpp, line 710]
Event: 5136.367 Thread 0x0000000058f07000 Exception <a 'sun/nio/fs/WindowsException'> (0x00000000e4d91290) thrown at [D:\src\AOSP-openjdk-cygwin\jdk8u\hotspot\src\share\vm\prims\jni.cpp, line 710]
Event: 5136.411 Thread 0x0000000058f07000 Exception <a 'sun/nio/fs/WindowsException'> (0x00000000e4d956b8) thrown at [D:\src\AOSP-openjdk-cygwin\jdk8u\hotspot\src\share\vm\prims\jni.cpp, line 710]
Event: 5136.411 Thread 0x0000000058f07000 Exception <a 'sun/nio/fs/WindowsException'> (0x00000000e4d962a0) thrown at [D:\src\AOSP-openjdk-cygwin\jdk8u\hotspot\src\share\vm\prims\jni.cpp, line 710]
Event: 5136.412 Thread 0x0000000058f07000 Exception <a 'sun/nio/fs/WindowsException'> (0x00000000e4d98988) thrown at [D:\src\AOSP-openjdk-cygwin\jdk8u\hotspot\src\share\vm\prims\jni.cpp, line 710]
Event: 5136.412 Thread 0x0000000058f07000 Exception <a 'sun/nio/fs/WindowsException'> (0x00000000e4d99570) thrown at [D:\src\AOSP-openjdk-cygwin\jdk8u\hotspot\src\share\vm\prims\jni.cpp, line 710]

Events (10 events):
Event: 5136.456 Thread 0x00000000579db800 flushing nmethod 0x00000000063ca650
Event: 5136.470 Thread 0x00000000579db800 flushing nmethod 0x00000000063cbd50
Event: 5136.470 Thread 0x00000000579db800 flushing nmethod 0x00000000064096d0
Event: 5136.470 Thread 0x00000000579db800 flushing nmethod 0x0000000006426a10
Event: 5136.473 Thread 0x00000000579db800 flushing nmethod 0x0000000006842750
Event: 5136.497 Thread 0x00000000579db800 flushing nmethod 0x0000000006851750
Event: 5136.497 Thread 0x00000000579db800 flushing nmethod 0x0000000006888710
Event: 5136.893 Thread 0x0000000058f07000 DEOPT PACKING pc=0x0000000002a3a642 sp=0x000000005b0aba30
Event: 5136.893 Thread 0x0000000058f07000 DEOPT UNPACKING pc=0x00000000029271d0 sp=0x000000005b0ab6e0 mode 0
Event: 5137.011 Thread 0x000000005901d000 Thread added: 0x000000005901d000


Dynamic libraries:
0x000000013f7e0000 - 0x000000013f811000 	C:\Program Files\Android\Android Studio\jre\bin\java.exe
0x0000000076cd0000 - 0x0000000076e7c000 	C:\Windows\SYSTEM32\ntdll.dll
0x0000000076bb0000 - 0x0000000076ccf000 	C:\Windows\system32\kernel32.dll
0x000007fefcce0000 - 0x000007fefcd4c000 	C:\Windows\system32\KERNELBASE.dll
0x000007fefda90000 - 0x000007fefdb6b000 	C:\Windows\system32\ADVAPI32.dll
0x000007fefec50000 - 0x000007fefecef000 	C:\Windows\system32\msvcrt.dll
0x000007fefeb60000 - 0x000007fefeb7f000 	C:\Windows\SYSTEM32\sechost.dll
0x000007fefd690000 - 0x000007fefd7be000 	C:\Windows\system32\RPCRT4.dll
0x0000000076ab0000 - 0x0000000076baa000 	C:\Windows\system32\USER32.dll
0x000007fefd7c0000 - 0x000007fefd827000 	C:\Windows\system32\GDI32.dll
0x000007fefd220000 - 0x000007fefd22e000 	C:\Windows\system32\LPK.dll
0x000007fefeb80000 - 0x000007fefec4a000 	C:\Windows\system32\USP10.dll
0x000007fefb710000 - 0x000007fefb904000 	C:\Windows\WinSxS\amd64_microsoft.windows.common-controls_6595b64144ccf1df_6.0.7600.16661_none_fa62ad231704eab7\COMCTL32.dll
0x000007fefd4e0000 - 0x000007fefd551000 	C:\Windows\system32\SHLWAPI.dll
0x000007fefd230000 - 0x000007fefd25e000 	C:\Windows\system32\IMM32.DLL
0x000007fefecf0000 - 0x000007fefedf9000 	C:\Windows\system32\MSCTF.dll
0x0000000074390000 - 0x0000000074462000 	C:\Program Files\Android\Android Studio\jre\jre\bin\msvcr100.dll
0x000000006c6c0000 - 0x000000006cf06000 	C:\Program Files\Android\Android Studio\jre\jre\bin\server\jvm.dll
0x000007fefa5e0000 - 0x000007fefa5e9000 	C:\Windows\system32\WSOCK32.dll
0x000007fefd9c0000 - 0x000007fefda0d000 	C:\Windows\system32\WS2_32.dll
0x000007fefd830000 - 0x000007fefd838000 	C:\Windows\system32\NSI.dll
0x000007fefb3b0000 - 0x000007fefb3eb000 	C:\Windows\system32\WINMM.dll
0x000007fefbda0000 - 0x000007fefbdac000 	C:\Windows\system32\VERSION.dll
0x0000000076ea0000 - 0x0000000076ea7000 	C:\Windows\system32\PSAPI.DLL
0x000007fefa5f0000 - 0x000007fefa5ff000 	C:\Program Files\Android\Android Studio\jre\jre\bin\verify.dll
0x000007fefa580000 - 0x000007fefa5a9000 	C:\Program Files\Android\Android Studio\jre\jre\bin\java.dll
0x000007fefa5c0000 - 0x000007fefa5d6000 	C:\Program Files\Android\Android Studio\jre\jre\bin\zip.dll
0x000007fefdb70000 - 0x000007fefe8f7000 	C:\Windows\system32\SHELL32.dll
0x000007fefd280000 - 0x000007fefd482000 	C:\Windows\system32\ole32.dll
0x000007fefcc30000 - 0x000007fefcc3f000 	C:\Windows\system32\profapi.dll
0x000007fefa560000 - 0x000007fefa57a000 	C:\Program Files\Android\Android Studio\jre\jre\bin\net.dll
0x000007fefd840000 - 0x000007fefd9b8000 	C:\Windows\system32\urlmon.dll
0x000007fefd0a0000 - 0x000007fefd177000 	C:\Windows\system32\OLEAUT32.dll
0x000007fefcdf0000 - 0x000007fefcf56000 	C:\Windows\system32\CRYPT32.dll
0x000007fefccd0000 - 0x000007fefccdf000 	C:\Windows\system32\MSASN1.dll
0x000007fefe900000 - 0x000007fefeb58000 	C:\Windows\system32\iertutil.dll
0x000007fefc460000 - 0x000007fefc4b4000 	C:\Windows\system32\mswsock.dll
0x000007fefc450000 - 0x000007fefc457000 	C:\Windows\System32\wship6.dll
0x000007fef5900000 - 0x000007fef5913000 	C:\Program Files\Android\Android Studio\jre\jre\bin\nio.dll
0x000007fef3b20000 - 0x000007fef3b46000 	C:\Users\SHILPA\.gradle\native\29\windows-amd64\native-platform.dll
0x000007fefa5b0000 - 0x000007fefa5bd000 	C:\Program Files\Android\Android Studio\jre\jre\bin\management.dll
0x000007fefc4c0000 - 0x000007fefc4d7000 	C:\Windows\system32\CRYPTSP.dll
0x000007fefc1c0000 - 0x000007fefc207000 	C:\Windows\system32\rsaenh.dll
0x000007fefbf80000 - 0x000007fefbf9e000 	C:\Windows\system32\USERENV.dll
0x000007fefcb60000 - 0x000007fefcb6f000 	C:\Windows\system32\CRYPTBASE.dll
0x000007fefa270000 - 0x000007fefa297000 	C:\Windows\system32\IPHLPAPI.DLL
0x000007fefa250000 - 0x000007fefa25b000 	C:\Windows\system32\WINNSI.DLL
0x000007fefa060000 - 0x000007fefa078000 	C:\Windows\system32\dhcpcsvc.DLL
0x000007fefa040000 - 0x000007fefa051000 	C:\Windows\system32\dhcpcsvc6.DLL
0x000007fef3fd0000 - 0x000007fef416c000 	C:\Program Files\Android\Android Studio\jre\jre\bin\awt.dll
0x000007fefaf70000 - 0x000007fefaf88000 	C:\Windows\system32\dwmapi.dll
0x000007feef120000 - 0x000007feef202000 	C:\Windows\system32\d2d1.dll
0x000007fefcb00000 - 0x000007fefcb57000 	C:\Windows\system32\apphelp.dll
0x000007fef5060000 - 0x000007fef5185000 	C:\Windows\system32\dbghelp.dll

VM Arguments:
jvm_args: -Xmx1536m -Dfile.encoding=windows-1252 -Duser.country=US -Duser.language=en -Duser.variant 
java_command: org.gradle.launcher.daemon.bootstrap.GradleDaemon 5.4.1
java_class_path (initial): C:\Users\SHILPA\.gradle\wrapper\dists\gradle-5.4.1-all\3221gyojl5jsh0helicew7rwx\gradle-5.4.1\lib\gradle-launcher-5.4.1.jar
Launcher Type: SUN_STANDARD

Environment Variables:
PATH=C:\Windows\System32;C:\Program Files\Java\jre1.8.0_121\bin
USERNAME=SHILPA
OS=Windows_NT
PROCESSOR_IDENTIFIER=Intel64 Family 6 Model 42 Stepping 7, GenuineIntel



---------------  S Y S T E M  ---------------

OS: Windows 7 , 64 bit Build 7600 (6.1.7600.16816)

CPU:total 4 (initial active 4) (2 cores per cpu, 2 threads per core) family 6 model 42 stepping 7, cmov, cx8, fxsr, mmx, sse, sse2, sse3, ssse3, sse4.1, sse4.2, popcnt, aes, clmul, ht, tsc, tscinvbit

Memory: 4k page, physical 4140912k(197820k free), swap 9261772k(3262068k free)

vm_info: OpenJDK 64-Bit Server VM (25.212-b04) for windows-amd64 JRE (1.8.0_212-release-1586-b04), built by "builder" with MS VC++ 10.0 (VS2010)

time: Tue Jul 07 14:53:32 2020
timezone: India Standard Time
elapsed time: 5143 seconds (0d 1h 25m 43s)

